Copyright 1986-2016 Xilinx, Inc. All Rights Reserved.
---------------------------------------------------------------------------------------------------------------
| Tool Version : Vivado v.2016.4 (win64) Build 1756540 Mon Jan 23 19:11:23 MST 2017
| Date         : Tue May 28 15:27:57 2024
| Host         : Maria running 64-bit major release  (build 9200)
| Command      : report_methodology -file main_methodology_drc_routed.rpt -rpx main_methodology_drc_routed.rpx
| Design       : main
| Device       : xc7a100tcsg324-1
| Speed File   : -1
| Design State : Routed
---------------------------------------------------------------------------------------------------------------

Report Methodology

Table of Contents
-----------------
1. REPORT SUMMARY
2. REPORT DETAILS

1. REPORT SUMMARY
-----------------
            Netlist: netlist
          Floorplan: design_1
      Design limits: <entire design considered>
             Max violations: <unlimited>
             Violations found: 223
+-----------+----------+-------------------------------+------------+
| Rule      | Severity | Description                   | Violations |
+-----------+----------+-------------------------------+------------+
| TIMING-17 | Warning  | Non-clocked sequential cell   | 129        |
| TIMING-18 | Warning  | Missing input or output delay | 41         |
| TIMING-20 | Warning  | Non-clocked latch             | 53         |
+-----------+----------+-------------------------------+------------+

2. REPORT DETAILS
-----------------
TIMING-17#1 Warning
Non-clocked sequential cell  
The clock pin Unit_Exe/afisaj4cifrepm/count_reg[0]/C is not reached by a timing clock
Related violations: <none>

TIMING-17#2 Warning
Non-clocked sequential cell  
The clock pin Unit_Exe/afisaj4cifrepm/count_reg[1]/C is not reached by a timing clock
Related violations: <none>

TIMING-17#3 Warning
Non-clocked sequential cell  
The clock pin Unit_Exe/counter10minpm/numara_reg[0]/C is not reached by a timing clock
Related violations: <none>

TIMING-17#4 Warning
Non-clocked sequential cell  
The clock pin Unit_Exe/counter10minpm/numara_reg[10]/C is not reached by a timing clock
Related violations: <none>

TIMING-17#5 Warning
Non-clocked sequential cell  
The clock pin Unit_Exe/counter10minpm/numara_reg[11]/C is not reached by a timing clock
Related violations: <none>

TIMING-17#6 Warning
Non-clocked sequential cell  
The clock pin Unit_Exe/counter10minpm/numara_reg[12]/C is not reached by a timing clock
Related violations: <none>

TIMING-17#7 Warning
Non-clocked sequential cell  
The clock pin Unit_Exe/counter10minpm/numara_reg[13]/C is not reached by a timing clock
Related violations: <none>

TIMING-17#8 Warning
Non-clocked sequential cell  
The clock pin Unit_Exe/counter10minpm/numara_reg[14]/C is not reached by a timing clock
Related violations: <none>

TIMING-17#9 Warning
Non-clocked sequential cell  
The clock pin Unit_Exe/counter10minpm/numara_reg[15]/C is not reached by a timing clock
Related violations: <none>

TIMING-17#10 Warning
Non-clocked sequential cell  
The clock pin Unit_Exe/counter10minpm/numara_reg[16]/C is not reached by a timing clock
Related violations: <none>

TIMING-17#11 Warning
Non-clocked sequential cell  
The clock pin Unit_Exe/counter10minpm/numara_reg[17]/C is not reached by a timing clock
Related violations: <none>

TIMING-17#12 Warning
Non-clocked sequential cell  
The clock pin Unit_Exe/counter10minpm/numara_reg[18]/C is not reached by a timing clock
Related violations: <none>

TIMING-17#13 Warning
Non-clocked sequential cell  
The clock pin Unit_Exe/counter10minpm/numara_reg[19]/C is not reached by a timing clock
Related violations: <none>

TIMING-17#14 Warning
Non-clocked sequential cell  
The clock pin Unit_Exe/counter10minpm/numara_reg[1]/C is not reached by a timing clock
Related violations: <none>

TIMING-17#15 Warning
Non-clocked sequential cell  
The clock pin Unit_Exe/counter10minpm/numara_reg[20]/C is not reached by a timing clock
Related violations: <none>

TIMING-17#16 Warning
Non-clocked sequential cell  
The clock pin Unit_Exe/counter10minpm/numara_reg[21]/C is not reached by a timing clock
Related violations: <none>

TIMING-17#17 Warning
Non-clocked sequential cell  
The clock pin Unit_Exe/counter10minpm/numara_reg[22]/C is not reached by a timing clock
Related violations: <none>

TIMING-17#18 Warning
Non-clocked sequential cell  
The clock pin Unit_Exe/counter10minpm/numara_reg[23]/C is not reached by a timing clock
Related violations: <none>

TIMING-17#19 Warning
Non-clocked sequential cell  
The clock pin Unit_Exe/counter10minpm/numara_reg[24]/C is not reached by a timing clock
Related violations: <none>

TIMING-17#20 Warning
Non-clocked sequential cell  
The clock pin Unit_Exe/counter10minpm/numara_reg[25]/C is not reached by a timing clock
Related violations: <none>

TIMING-17#21 Warning
Non-clocked sequential cell  
The clock pin Unit_Exe/counter10minpm/numara_reg[26]/C is not reached by a timing clock
Related violations: <none>

TIMING-17#22 Warning
Non-clocked sequential cell  
The clock pin Unit_Exe/counter10minpm/numara_reg[27]/C is not reached by a timing clock
Related violations: <none>

TIMING-17#23 Warning
Non-clocked sequential cell  
The clock pin Unit_Exe/counter10minpm/numara_reg[28]/C is not reached by a timing clock
Related violations: <none>

TIMING-17#24 Warning
Non-clocked sequential cell  
The clock pin Unit_Exe/counter10minpm/numara_reg[29]/C is not reached by a timing clock
Related violations: <none>

TIMING-17#25 Warning
Non-clocked sequential cell  
The clock pin Unit_Exe/counter10minpm/numara_reg[2]/C is not reached by a timing clock
Related violations: <none>

TIMING-17#26 Warning
Non-clocked sequential cell  
The clock pin Unit_Exe/counter10minpm/numara_reg[30]/C is not reached by a timing clock
Related violations: <none>

TIMING-17#27 Warning
Non-clocked sequential cell  
The clock pin Unit_Exe/counter10minpm/numara_reg[31]/C is not reached by a timing clock
Related violations: <none>

TIMING-17#28 Warning
Non-clocked sequential cell  
The clock pin Unit_Exe/counter10minpm/numara_reg[3]/C is not reached by a timing clock
Related violations: <none>

TIMING-17#29 Warning
Non-clocked sequential cell  
The clock pin Unit_Exe/counter10minpm/numara_reg[4]/C is not reached by a timing clock
Related violations: <none>

TIMING-17#30 Warning
Non-clocked sequential cell  
The clock pin Unit_Exe/counter10minpm/numara_reg[5]/C is not reached by a timing clock
Related violations: <none>

TIMING-17#31 Warning
Non-clocked sequential cell  
The clock pin Unit_Exe/counter10minpm/numara_reg[6]/C is not reached by a timing clock
Related violations: <none>

TIMING-17#32 Warning
Non-clocked sequential cell  
The clock pin Unit_Exe/counter10minpm/numara_reg[7]/C is not reached by a timing clock
Related violations: <none>

TIMING-17#33 Warning
Non-clocked sequential cell  
The clock pin Unit_Exe/counter10minpm/numara_reg[8]/C is not reached by a timing clock
Related violations: <none>

TIMING-17#34 Warning
Non-clocked sequential cell  
The clock pin Unit_Exe/counter10minpm/numara_reg[9]/C is not reached by a timing clock
Related violations: <none>

TIMING-17#35 Warning
Non-clocked sequential cell  
The clock pin Unit_Exe/counter10minpm/t10_reg/C is not reached by a timing clock
Related violations: <none>

TIMING-17#36 Warning
Non-clocked sequential cell  
The clock pin Unit_Exe/counter1minpm/numara_reg[0]/C is not reached by a timing clock
Related violations: <none>

TIMING-17#37 Warning
Non-clocked sequential cell  
The clock pin Unit_Exe/counter1minpm/numara_reg[10]/C is not reached by a timing clock
Related violations: <none>

TIMING-17#38 Warning
Non-clocked sequential cell  
The clock pin Unit_Exe/counter1minpm/numara_reg[11]/C is not reached by a timing clock
Related violations: <none>

TIMING-17#39 Warning
Non-clocked sequential cell  
The clock pin Unit_Exe/counter1minpm/numara_reg[12]/C is not reached by a timing clock
Related violations: <none>

TIMING-17#40 Warning
Non-clocked sequential cell  
The clock pin Unit_Exe/counter1minpm/numara_reg[13]/C is not reached by a timing clock
Related violations: <none>

TIMING-17#41 Warning
Non-clocked sequential cell  
The clock pin Unit_Exe/counter1minpm/numara_reg[14]/C is not reached by a timing clock
Related violations: <none>

TIMING-17#42 Warning
Non-clocked sequential cell  
The clock pin Unit_Exe/counter1minpm/numara_reg[15]/C is not reached by a timing clock
Related violations: <none>

TIMING-17#43 Warning
Non-clocked sequential cell  
The clock pin Unit_Exe/counter1minpm/numara_reg[16]/C is not reached by a timing clock
Related violations: <none>

TIMING-17#44 Warning
Non-clocked sequential cell  
The clock pin Unit_Exe/counter1minpm/numara_reg[17]/C is not reached by a timing clock
Related violations: <none>

TIMING-17#45 Warning
Non-clocked sequential cell  
The clock pin Unit_Exe/counter1minpm/numara_reg[18]/C is not reached by a timing clock
Related violations: <none>

TIMING-17#46 Warning
Non-clocked sequential cell  
The clock pin Unit_Exe/counter1minpm/numara_reg[19]/C is not reached by a timing clock
Related violations: <none>

TIMING-17#47 Warning
Non-clocked sequential cell  
The clock pin Unit_Exe/counter1minpm/numara_reg[1]/C is not reached by a timing clock
Related violations: <none>

TIMING-17#48 Warning
Non-clocked sequential cell  
The clock pin Unit_Exe/counter1minpm/numara_reg[20]/C is not reached by a timing clock
Related violations: <none>

TIMING-17#49 Warning
Non-clocked sequential cell  
The clock pin Unit_Exe/counter1minpm/numara_reg[21]/C is not reached by a timing clock
Related violations: <none>

TIMING-17#50 Warning
Non-clocked sequential cell  
The clock pin Unit_Exe/counter1minpm/numara_reg[22]/C is not reached by a timing clock
Related violations: <none>

TIMING-17#51 Warning
Non-clocked sequential cell  
The clock pin Unit_Exe/counter1minpm/numara_reg[23]/C is not reached by a timing clock
Related violations: <none>

TIMING-17#52 Warning
Non-clocked sequential cell  
The clock pin Unit_Exe/counter1minpm/numara_reg[24]/C is not reached by a timing clock
Related violations: <none>

TIMING-17#53 Warning
Non-clocked sequential cell  
The clock pin Unit_Exe/counter1minpm/numara_reg[25]/C is not reached by a timing clock
Related violations: <none>

TIMING-17#54 Warning
Non-clocked sequential cell  
The clock pin Unit_Exe/counter1minpm/numara_reg[26]/C is not reached by a timing clock
Related violations: <none>

TIMING-17#55 Warning
Non-clocked sequential cell  
The clock pin Unit_Exe/counter1minpm/numara_reg[27]/C is not reached by a timing clock
Related violations: <none>

TIMING-17#56 Warning
Non-clocked sequential cell  
The clock pin Unit_Exe/counter1minpm/numara_reg[28]/C is not reached by a timing clock
Related violations: <none>

TIMING-17#57 Warning
Non-clocked sequential cell  
The clock pin Unit_Exe/counter1minpm/numara_reg[29]/C is not reached by a timing clock
Related violations: <none>

TIMING-17#58 Warning
Non-clocked sequential cell  
The clock pin Unit_Exe/counter1minpm/numara_reg[2]/C is not reached by a timing clock
Related violations: <none>

TIMING-17#59 Warning
Non-clocked sequential cell  
The clock pin Unit_Exe/counter1minpm/numara_reg[30]/C is not reached by a timing clock
Related violations: <none>

TIMING-17#60 Warning
Non-clocked sequential cell  
The clock pin Unit_Exe/counter1minpm/numara_reg[31]/C is not reached by a timing clock
Related violations: <none>

TIMING-17#61 Warning
Non-clocked sequential cell  
The clock pin Unit_Exe/counter1minpm/numara_reg[3]/C is not reached by a timing clock
Related violations: <none>

TIMING-17#62 Warning
Non-clocked sequential cell  
The clock pin Unit_Exe/counter1minpm/numara_reg[4]/C is not reached by a timing clock
Related violations: <none>

TIMING-17#63 Warning
Non-clocked sequential cell  
The clock pin Unit_Exe/counter1minpm/numara_reg[5]/C is not reached by a timing clock
Related violations: <none>

TIMING-17#64 Warning
Non-clocked sequential cell  
The clock pin Unit_Exe/counter1minpm/numara_reg[6]/C is not reached by a timing clock
Related violations: <none>

TIMING-17#65 Warning
Non-clocked sequential cell  
The clock pin Unit_Exe/counter1minpm/numara_reg[7]/C is not reached by a timing clock
Related violations: <none>

TIMING-17#66 Warning
Non-clocked sequential cell  
The clock pin Unit_Exe/counter1minpm/numara_reg[8]/C is not reached by a timing clock
Related violations: <none>

TIMING-17#67 Warning
Non-clocked sequential cell  
The clock pin Unit_Exe/counter1minpm/numara_reg[9]/C is not reached by a timing clock
Related violations: <none>

TIMING-17#68 Warning
Non-clocked sequential cell  
The clock pin Unit_Exe/counter1minpm/t1_reg/C is not reached by a timing clock
Related violations: <none>

TIMING-17#69 Warning
Non-clocked sequential cell  
The clock pin Unit_Exe/counter20minpm/numara_reg[0]/C is not reached by a timing clock
Related violations: <none>

TIMING-17#70 Warning
Non-clocked sequential cell  
The clock pin Unit_Exe/counter20minpm/numara_reg[10]/C is not reached by a timing clock
Related violations: <none>

TIMING-17#71 Warning
Non-clocked sequential cell  
The clock pin Unit_Exe/counter20minpm/numara_reg[11]/C is not reached by a timing clock
Related violations: <none>

TIMING-17#72 Warning
Non-clocked sequential cell  
The clock pin Unit_Exe/counter20minpm/numara_reg[12]/C is not reached by a timing clock
Related violations: <none>

TIMING-17#73 Warning
Non-clocked sequential cell  
The clock pin Unit_Exe/counter20minpm/numara_reg[13]/C is not reached by a timing clock
Related violations: <none>

TIMING-17#74 Warning
Non-clocked sequential cell  
The clock pin Unit_Exe/counter20minpm/numara_reg[14]/C is not reached by a timing clock
Related violations: <none>

TIMING-17#75 Warning
Non-clocked sequential cell  
The clock pin Unit_Exe/counter20minpm/numara_reg[15]/C is not reached by a timing clock
Related violations: <none>

TIMING-17#76 Warning
Non-clocked sequential cell  
The clock pin Unit_Exe/counter20minpm/numara_reg[16]/C is not reached by a timing clock
Related violations: <none>

TIMING-17#77 Warning
Non-clocked sequential cell  
The clock pin Unit_Exe/counter20minpm/numara_reg[17]/C is not reached by a timing clock
Related violations: <none>

TIMING-17#78 Warning
Non-clocked sequential cell  
The clock pin Unit_Exe/counter20minpm/numara_reg[18]/C is not reached by a timing clock
Related violations: <none>

TIMING-17#79 Warning
Non-clocked sequential cell  
The clock pin Unit_Exe/counter20minpm/numara_reg[19]/C is not reached by a timing clock
Related violations: <none>

TIMING-17#80 Warning
Non-clocked sequential cell  
The clock pin Unit_Exe/counter20minpm/numara_reg[1]/C is not reached by a timing clock
Related violations: <none>

TIMING-17#81 Warning
Non-clocked sequential cell  
The clock pin Unit_Exe/counter20minpm/numara_reg[20]/C is not reached by a timing clock
Related violations: <none>

TIMING-17#82 Warning
Non-clocked sequential cell  
The clock pin Unit_Exe/counter20minpm/numara_reg[21]/C is not reached by a timing clock
Related violations: <none>

TIMING-17#83 Warning
Non-clocked sequential cell  
The clock pin Unit_Exe/counter20minpm/numara_reg[22]/C is not reached by a timing clock
Related violations: <none>

TIMING-17#84 Warning
Non-clocked sequential cell  
The clock pin Unit_Exe/counter20minpm/numara_reg[23]/C is not reached by a timing clock
Related violations: <none>

TIMING-17#85 Warning
Non-clocked sequential cell  
The clock pin Unit_Exe/counter20minpm/numara_reg[24]/C is not reached by a timing clock
Related violations: <none>

TIMING-17#86 Warning
Non-clocked sequential cell  
The clock pin Unit_Exe/counter20minpm/numara_reg[25]/C is not reached by a timing clock
Related violations: <none>

TIMING-17#87 Warning
Non-clocked sequential cell  
The clock pin Unit_Exe/counter20minpm/numara_reg[26]/C is not reached by a timing clock
Related violations: <none>

TIMING-17#88 Warning
Non-clocked sequential cell  
The clock pin Unit_Exe/counter20minpm/numara_reg[27]/C is not reached by a timing clock
Related violations: <none>

TIMING-17#89 Warning
Non-clocked sequential cell  
The clock pin Unit_Exe/counter20minpm/numara_reg[28]/C is not reached by a timing clock
Related violations: <none>

TIMING-17#90 Warning
Non-clocked sequential cell  
The clock pin Unit_Exe/counter20minpm/numara_reg[29]/C is not reached by a timing clock
Related violations: <none>

TIMING-17#91 Warning
Non-clocked sequential cell  
The clock pin Unit_Exe/counter20minpm/numara_reg[2]/C is not reached by a timing clock
Related violations: <none>

TIMING-17#92 Warning
Non-clocked sequential cell  
The clock pin Unit_Exe/counter20minpm/numara_reg[30]/C is not reached by a timing clock
Related violations: <none>

TIMING-17#93 Warning
Non-clocked sequential cell  
The clock pin Unit_Exe/counter20minpm/numara_reg[31]/C is not reached by a timing clock
Related violations: <none>

TIMING-17#94 Warning
Non-clocked sequential cell  
The clock pin Unit_Exe/counter20minpm/numara_reg[3]/C is not reached by a timing clock
Related violations: <none>

TIMING-17#95 Warning
Non-clocked sequential cell  
The clock pin Unit_Exe/counter20minpm/numara_reg[4]/C is not reached by a timing clock
Related violations: <none>

TIMING-17#96 Warning
Non-clocked sequential cell  
The clock pin Unit_Exe/counter20minpm/numara_reg[5]/C is not reached by a timing clock
Related violations: <none>

TIMING-17#97 Warning
Non-clocked sequential cell  
The clock pin Unit_Exe/counter20minpm/numara_reg[6]/C is not reached by a timing clock
Related violations: <none>

TIMING-17#98 Warning
Non-clocked sequential cell  
The clock pin Unit_Exe/counter20minpm/numara_reg[7]/C is not reached by a timing clock
Related violations: <none>

TIMING-17#99 Warning
Non-clocked sequential cell  
The clock pin Unit_Exe/counter20minpm/numara_reg[8]/C is not reached by a timing clock
Related violations: <none>

TIMING-17#100 Warning
Non-clocked sequential cell  
The clock pin Unit_Exe/counter20minpm/numara_reg[9]/C is not reached by a timing clock
Related violations: <none>

TIMING-17#101 Warning
Non-clocked sequential cell  
The clock pin Unit_Exe/counter20minpm/t20_reg/C is not reached by a timing clock
Related violations: <none>

TIMING-17#102 Warning
Non-clocked sequential cell  
The clock pin Unit_Exe/counter_timp_ramaspm/aux_reg[0]_C/C is not reached by a timing clock
Related violations: <none>

TIMING-17#103 Warning
Non-clocked sequential cell  
The clock pin Unit_Exe/counter_timp_ramaspm/aux_reg[0]_P/C is not reached by a timing clock
Related violations: <none>

TIMING-17#104 Warning
Non-clocked sequential cell  
The clock pin Unit_Exe/counter_timp_ramaspm/aux_reg[1]_C/C is not reached by a timing clock
Related violations: <none>

TIMING-17#105 Warning
Non-clocked sequential cell  
The clock pin Unit_Exe/counter_timp_ramaspm/aux_reg[1]_P/C is not reached by a timing clock
Related violations: <none>

TIMING-17#106 Warning
Non-clocked sequential cell  
The clock pin Unit_Exe/counter_timp_ramaspm/aux_reg[2]_C/C is not reached by a timing clock
Related violations: <none>

TIMING-17#107 Warning
Non-clocked sequential cell  
The clock pin Unit_Exe/counter_timp_ramaspm/aux_reg[2]_P/C is not reached by a timing clock
Related violations: <none>

TIMING-17#108 Warning
Non-clocked sequential cell  
The clock pin Unit_Exe/counter_timp_ramaspm/aux_reg[3]_C/C is not reached by a timing clock
Related violations: <none>

TIMING-17#109 Warning
Non-clocked sequential cell  
The clock pin Unit_Exe/counter_timp_ramaspm/aux_reg[3]_P/C is not reached by a timing clock
Related violations: <none>

TIMING-17#110 Warning
Non-clocked sequential cell  
The clock pin Unit_Exe/counter_timp_ramaspm/aux_reg[4]_C/C is not reached by a timing clock
Related violations: <none>

TIMING-17#111 Warning
Non-clocked sequential cell  
The clock pin Unit_Exe/counter_timp_ramaspm/aux_reg[4]_P/C is not reached by a timing clock
Related violations: <none>

TIMING-17#112 Warning
Non-clocked sequential cell  
The clock pin Unit_Exe/counter_timp_ramaspm/aux_reg[5]_C/C is not reached by a timing clock
Related violations: <none>

TIMING-17#113 Warning
Non-clocked sequential cell  
The clock pin Unit_Exe/counter_timp_ramaspm/aux_reg[5]_P/C is not reached by a timing clock
Related violations: <none>

TIMING-17#114 Warning
Non-clocked sequential cell  
The clock pin Unit_Exe/counter_timp_ramaspm/aux_reg[6]_C/C is not reached by a timing clock
Related violations: <none>

TIMING-17#115 Warning
Non-clocked sequential cell  
The clock pin Unit_Exe/counter_timp_ramaspm/aux_reg[6]_P/C is not reached by a timing clock
Related violations: <none>

TIMING-17#116 Warning
Non-clocked sequential cell  
The clock pin Unit_Exe/counter_timp_ramaspm/aux_reg[7]_C/C is not reached by a timing clock
Related violations: <none>

TIMING-17#117 Warning
Non-clocked sequential cell  
The clock pin Unit_Exe/counter_timp_ramaspm/aux_reg[7]_P/C is not reached by a timing clock
Related violations: <none>

TIMING-17#118 Warning
Non-clocked sequential cell  
The clock pin Unit_Exe/counter_timp_ramaspm/aux_reg[8]_C/C is not reached by a timing clock
Related violations: <none>

TIMING-17#119 Warning
Non-clocked sequential cell  
The clock pin Unit_Exe/counter_timp_ramaspm/aux_reg[8]_P/C is not reached by a timing clock
Related violations: <none>

TIMING-17#120 Warning
Non-clocked sequential cell  
The clock pin Unit_Exe/divizor1min_dr_pm/clk1min_reg/C is not reached by a timing clock
Related violations: <none>

TIMING-17#121 Warning
Non-clocked sequential cell  
The clock pin Unit_Exe/divizor1min_st_pm/clk1min_reg/C is not reached by a timing clock
Related violations: <none>

TIMING-17#122 Warning
Non-clocked sequential cell  
The clock pin Unit_Exe/incalzire_apapm/numara_reg[0]/C is not reached by a timing clock
Related violations: <none>

TIMING-17#123 Warning
Non-clocked sequential cell  
The clock pin Unit_Exe/incalzire_apapm/numara_reg[1]/C is not reached by a timing clock
Related violations: <none>

TIMING-17#124 Warning
Non-clocked sequential cell  
The clock pin Unit_Exe/incalzire_apapm/numara_reg[2]/C is not reached by a timing clock
Related violations: <none>

TIMING-17#125 Warning
Non-clocked sequential cell  
The clock pin Unit_Exe/incalzire_apapm/numara_reg[3]/C is not reached by a timing clock
Related violations: <none>

TIMING-17#126 Warning
Non-clocked sequential cell  
The clock pin Unit_Exe/incalzire_apapm/numara_reg[4]/C is not reached by a timing clock
Related violations: <none>

TIMING-17#127 Warning
Non-clocked sequential cell  
The clock pin Unit_Exe/incalzire_apapm/numara_reg[5]/C is not reached by a timing clock
Related violations: <none>

TIMING-17#128 Warning
Non-clocked sequential cell  
The clock pin Unit_Exe/incalzire_apapm/numara_reg[6]/C is not reached by a timing clock
Related violations: <none>

TIMING-17#129 Warning
Non-clocked sequential cell  
The clock pin Unit_Exe/incalzire_apapm/temp_fin_ok_reg/C is not reached by a timing clock
Related violations: <none>

TIMING-18#1 Warning
Missing input or output delay  
An input delay is missing on aa relative to clock(s) sys_clk_pin 
Related violations: <none>

TIMING-18#2 Warning
Missing input or output delay  
An input delay is missing on ca relative to clock(s) sys_clk_pin 
Related violations: <none>

TIMING-18#3 Warning
Missing input or output delay  
An input delay is missing on ci relative to clock(s) sys_clk_pin 
Related violations: <none>

TIMING-18#4 Warning
Missing input or output delay  
An input delay is missing on load_info relative to clock(s) sys_clk_pin 
Related violations: <none>

TIMING-18#5 Warning
Missing input or output delay  
An input delay is missing on mod_man_aut relative to clock(s) sys_clk_pin 
Related violations: <none>

TIMING-18#6 Warning
Missing input or output delay  
An input delay is missing on rm relative to clock(s) sys_clk_pin 
Related violations: <none>

TIMING-18#7 Warning
Missing input or output delay  
An input delay is missing on rst relative to clock(s) sys_clk_pin 
Related violations: <none>

TIMING-18#8 Warning
Missing input or output delay  
An input delay is missing on setari_man[0] relative to clock(s) sys_clk_pin 
Related violations: <none>

TIMING-18#9 Warning
Missing input or output delay  
An input delay is missing on setari_man[1] relative to clock(s) sys_clk_pin 
Related violations: <none>

TIMING-18#10 Warning
Missing input or output delay  
An input delay is missing on setari_man[2] relative to clock(s) sys_clk_pin 
Related violations: <none>

TIMING-18#11 Warning
Missing input or output delay  
An input delay is missing on setari_man[3] relative to clock(s) sys_clk_pin 
Related violations: <none>

TIMING-18#12 Warning
Missing input or output delay  
An input delay is missing on setari_man[4] relative to clock(s) sys_clk_pin 
Related violations: <none>

TIMING-18#13 Warning
Missing input or output delay  
An input delay is missing on setari_man[5] relative to clock(s) sys_clk_pin 
Related violations: <none>

TIMING-18#14 Warning
Missing input or output delay  
An input delay is missing on setari_man[6] relative to clock(s) sys_clk_pin 
Related violations: <none>

TIMING-18#15 Warning
Missing input or output delay  
An input delay is missing on setari_man[7] relative to clock(s) sys_clk_pin 
Related violations: <none>

TIMING-18#16 Warning
Missing input or output delay  
An input delay is missing on setari_man[8] relative to clock(s) sys_clk_pin 
Related violations: <none>

TIMING-18#17 Warning
Missing input or output delay  
An input delay is missing on sr relative to clock(s) sys_clk_pin 
Related violations: <none>

TIMING-18#18 Warning
Missing input or output delay  
An input delay is missing on start_buton relative to clock(s) sys_clk_pin 
Related violations: <none>

TIMING-18#19 Warning
Missing input or output delay  
An output delay is missing on catod[0] relative to clock(s) sys_clk_pin 
Related violations: <none>

TIMING-18#20 Warning
Missing input or output delay  
An output delay is missing on catod[1] relative to clock(s) sys_clk_pin 
Related violations: <none>

TIMING-18#21 Warning
Missing input or output delay  
An output delay is missing on catod[2] relative to clock(s) sys_clk_pin 
Related violations: <none>

TIMING-18#22 Warning
Missing input or output delay  
An output delay is missing on catod[3] relative to clock(s) sys_clk_pin 
Related violations: <none>

TIMING-18#23 Warning
Missing input or output delay  
An output delay is missing on catod[4] relative to clock(s) sys_clk_pin 
Related violations: <none>

TIMING-18#24 Warning
Missing input or output delay  
An output delay is missing on catod[5] relative to clock(s) sys_clk_pin 
Related violations: <none>

TIMING-18#25 Warning
Missing input or output delay  
An output delay is missing on catod[6] relative to clock(s) sys_clk_pin 
Related violations: <none>

TIMING-18#26 Warning
Missing input or output delay  
An output delay is missing on cs relative to clock(s) sys_clk_pin 
Related violations: <none>

TIMING-18#27 Warning
Missing input or output delay  
An output delay is missing on lcf relative to clock(s) sys_clk_pin 
Related violations: <none>

TIMING-18#28 Warning
Missing input or output delay  
An output delay is missing on lcl relative to clock(s) sys_clk_pin 
Related violations: <none>

TIMING-18#29 Warning
Missing input or output delay  
An output delay is missing on lcs relative to clock(s) sys_clk_pin 
Related violations: <none>

TIMING-18#30 Warning
Missing input or output delay  
An output delay is missing on lps relative to clock(s) sys_clk_pin 
Related violations: <none>

TIMING-18#31 Warning
Missing input or output delay  
An output delay is missing on lsp relative to clock(s) sys_clk_pin 
Related violations: <none>

TIMING-18#32 Warning
Missing input or output delay  
An output delay is missing on ps relative to clock(s) sys_clk_pin 
Related violations: <none>

TIMING-18#33 Warning
Missing input or output delay  
An output delay is missing on temp[0] relative to clock(s) sys_clk_pin 
Related violations: <none>

TIMING-18#34 Warning
Missing input or output delay  
An output delay is missing on temp[1] relative to clock(s) sys_clk_pin 
Related violations: <none>

TIMING-18#35 Warning
Missing input or output delay  
An output delay is missing on temp[2] relative to clock(s) sys_clk_pin 
Related violations: <none>

TIMING-18#36 Warning
Missing input or output delay  
An output delay is missing on temp[3] relative to clock(s) sys_clk_pin 
Related violations: <none>

TIMING-18#37 Warning
Missing input or output delay  
An output delay is missing on usa_bl relative to clock(s) sys_clk_pin 
Related violations: <none>

TIMING-18#38 Warning
Missing input or output delay  
An output delay is missing on usa_in relative to clock(s) sys_clk_pin 
Related violations: <none>

TIMING-18#39 Warning
Missing input or output delay  
An output delay is missing on vit[0] relative to clock(s) sys_clk_pin 
Related violations: <none>

TIMING-18#40 Warning
Missing input or output delay  
An output delay is missing on vit[1] relative to clock(s) sys_clk_pin 
Related violations: <none>

TIMING-18#41 Warning
Missing input or output delay  
An output delay is missing on vit[2] relative to clock(s) sys_clk_pin 
Related violations: <none>

TIMING-20#1 Warning
Non-clocked latch  
The latch Unit_Cont/FSM_onehot_next_stare_reg[0] cannot be properly analyzed as its control pin Unit_Cont/FSM_onehot_next_stare_reg[0]/G is not reached by a timing clock
Related violations: <none>

TIMING-20#2 Warning
Non-clocked latch  
The latch Unit_Cont/FSM_onehot_next_stare_reg[10] cannot be properly analyzed as its control pin Unit_Cont/FSM_onehot_next_stare_reg[10]/G is not reached by a timing clock
Related violations: <none>

TIMING-20#3 Warning
Non-clocked latch  
The latch Unit_Cont/FSM_onehot_next_stare_reg[11] cannot be properly analyzed as its control pin Unit_Cont/FSM_onehot_next_stare_reg[11]/G is not reached by a timing clock
Related violations: <none>

TIMING-20#4 Warning
Non-clocked latch  
The latch Unit_Cont/FSM_onehot_next_stare_reg[12] cannot be properly analyzed as its control pin Unit_Cont/FSM_onehot_next_stare_reg[12]/G is not reached by a timing clock
Related violations: <none>

TIMING-20#5 Warning
Non-clocked latch  
The latch Unit_Cont/FSM_onehot_next_stare_reg[13] cannot be properly analyzed as its control pin Unit_Cont/FSM_onehot_next_stare_reg[13]/G is not reached by a timing clock
Related violations: <none>

TIMING-20#6 Warning
Non-clocked latch  
The latch Unit_Cont/FSM_onehot_next_stare_reg[14] cannot be properly analyzed as its control pin Unit_Cont/FSM_onehot_next_stare_reg[14]/G is not reached by a timing clock
Related violations: <none>

TIMING-20#7 Warning
Non-clocked latch  
The latch Unit_Cont/FSM_onehot_next_stare_reg[15] cannot be properly analyzed as its control pin Unit_Cont/FSM_onehot_next_stare_reg[15]/G is not reached by a timing clock
Related violations: <none>

TIMING-20#8 Warning
Non-clocked latch  
The latch Unit_Cont/FSM_onehot_next_stare_reg[16] cannot be properly analyzed as its control pin Unit_Cont/FSM_onehot_next_stare_reg[16]/G is not reached by a timing clock
Related violations: <none>

TIMING-20#9 Warning
Non-clocked latch  
The latch Unit_Cont/FSM_onehot_next_stare_reg[17] cannot be properly analyzed as its control pin Unit_Cont/FSM_onehot_next_stare_reg[17]/G is not reached by a timing clock
Related violations: <none>

TIMING-20#10 Warning
Non-clocked latch  
The latch Unit_Cont/FSM_onehot_next_stare_reg[18] cannot be properly analyzed as its control pin Unit_Cont/FSM_onehot_next_stare_reg[18]/G is not reached by a timing clock
Related violations: <none>

TIMING-20#11 Warning
Non-clocked latch  
The latch Unit_Cont/FSM_onehot_next_stare_reg[19] cannot be properly analyzed as its control pin Unit_Cont/FSM_onehot_next_stare_reg[19]/G is not reached by a timing clock
Related violations: <none>

TIMING-20#12 Warning
Non-clocked latch  
The latch Unit_Cont/FSM_onehot_next_stare_reg[1] cannot be properly analyzed as its control pin Unit_Cont/FSM_onehot_next_stare_reg[1]/G is not reached by a timing clock
Related violations: <none>

TIMING-20#13 Warning
Non-clocked latch  
The latch Unit_Cont/FSM_onehot_next_stare_reg[20] cannot be properly analyzed as its control pin Unit_Cont/FSM_onehot_next_stare_reg[20]/G is not reached by a timing clock
Related violations: <none>

TIMING-20#14 Warning
Non-clocked latch  
The latch Unit_Cont/FSM_onehot_next_stare_reg[21] cannot be properly analyzed as its control pin Unit_Cont/FSM_onehot_next_stare_reg[21]/G is not reached by a timing clock
Related violations: <none>

TIMING-20#15 Warning
Non-clocked latch  
The latch Unit_Cont/FSM_onehot_next_stare_reg[22] cannot be properly analyzed as its control pin Unit_Cont/FSM_onehot_next_stare_reg[22]/G is not reached by a timing clock
Related violations: <none>

TIMING-20#16 Warning
Non-clocked latch  
The latch Unit_Cont/FSM_onehot_next_stare_reg[23] cannot be properly analyzed as its control pin Unit_Cont/FSM_onehot_next_stare_reg[23]/G is not reached by a timing clock
Related violations: <none>

TIMING-20#17 Warning
Non-clocked latch  
The latch Unit_Cont/FSM_onehot_next_stare_reg[2] cannot be properly analyzed as its control pin Unit_Cont/FSM_onehot_next_stare_reg[2]/G is not reached by a timing clock
Related violations: <none>

TIMING-20#18 Warning
Non-clocked latch  
The latch Unit_Cont/FSM_onehot_next_stare_reg[3] cannot be properly analyzed as its control pin Unit_Cont/FSM_onehot_next_stare_reg[3]/G is not reached by a timing clock
Related violations: <none>

TIMING-20#19 Warning
Non-clocked latch  
The latch Unit_Cont/FSM_onehot_next_stare_reg[4] cannot be properly analyzed as its control pin Unit_Cont/FSM_onehot_next_stare_reg[4]/G is not reached by a timing clock
Related violations: <none>

TIMING-20#20 Warning
Non-clocked latch  
The latch Unit_Cont/FSM_onehot_next_stare_reg[5] cannot be properly analyzed as its control pin Unit_Cont/FSM_onehot_next_stare_reg[5]/G is not reached by a timing clock
Related violations: <none>

TIMING-20#21 Warning
Non-clocked latch  
The latch Unit_Cont/FSM_onehot_next_stare_reg[6] cannot be properly analyzed as its control pin Unit_Cont/FSM_onehot_next_stare_reg[6]/G is not reached by a timing clock
Related violations: <none>

TIMING-20#22 Warning
Non-clocked latch  
The latch Unit_Cont/FSM_onehot_next_stare_reg[7] cannot be properly analyzed as its control pin Unit_Cont/FSM_onehot_next_stare_reg[7]/G is not reached by a timing clock
Related violations: <none>

TIMING-20#23 Warning
Non-clocked latch  
The latch Unit_Cont/FSM_onehot_next_stare_reg[8] cannot be properly analyzed as its control pin Unit_Cont/FSM_onehot_next_stare_reg[8]/G is not reached by a timing clock
Related violations: <none>

TIMING-20#24 Warning
Non-clocked latch  
The latch Unit_Cont/FSM_onehot_next_stare_reg[9] cannot be properly analyzed as its control pin Unit_Cont/FSM_onehot_next_stare_reg[9]/G is not reached by a timing clock
Related violations: <none>

TIMING-20#25 Warning
Non-clocked latch  
The latch Unit_Exe/afisaj4cifrepm/C1/digit00_reg[0] cannot be properly analyzed as its control pin Unit_Exe/afisaj4cifrepm/C1/digit00_reg[0]/G is not reached by a timing clock
Related violations: <none>

TIMING-20#26 Warning
Non-clocked latch  
The latch Unit_Exe/afisaj4cifrepm/C1/digit00_reg[1] cannot be properly analyzed as its control pin Unit_Exe/afisaj4cifrepm/C1/digit00_reg[1]/G is not reached by a timing clock
Related violations: <none>

TIMING-20#27 Warning
Non-clocked latch  
The latch Unit_Exe/afisaj4cifrepm/C1/digit00_reg[2] cannot be properly analyzed as its control pin Unit_Exe/afisaj4cifrepm/C1/digit00_reg[2]/G is not reached by a timing clock
Related violations: <none>

TIMING-20#28 Warning
Non-clocked latch  
The latch Unit_Exe/afisaj4cifrepm/C1/digit00_reg[3] cannot be properly analyzed as its control pin Unit_Exe/afisaj4cifrepm/C1/digit00_reg[3]/G is not reached by a timing clock
Related violations: <none>

TIMING-20#29 Warning
Non-clocked latch  
The latch Unit_Exe/afisaj4cifrepm/C1/digit10_reg[0] cannot be properly analyzed as its control pin Unit_Exe/afisaj4cifrepm/C1/digit10_reg[0]/G is not reached by a timing clock
Related violations: <none>

TIMING-20#30 Warning
Non-clocked latch  
The latch Unit_Exe/afisaj4cifrepm/C1/digit10_reg[1] cannot be properly analyzed as its control pin Unit_Exe/afisaj4cifrepm/C1/digit10_reg[1]/G is not reached by a timing clock
Related violations: <none>

TIMING-20#31 Warning
Non-clocked latch  
The latch Unit_Exe/afisaj4cifrepm/C1/digit10_reg[2] cannot be properly analyzed as its control pin Unit_Exe/afisaj4cifrepm/C1/digit10_reg[2]/G is not reached by a timing clock
Related violations: <none>

TIMING-20#32 Warning
Non-clocked latch  
The latch Unit_Exe/afisaj4cifrepm/C1/digit10_reg[3] cannot be properly analyzed as its control pin Unit_Exe/afisaj4cifrepm/C1/digit10_reg[3]/G is not reached by a timing clock
Related violations: <none>

TIMING-20#33 Warning
Non-clocked latch  
The latch Unit_Exe/afisaj4cifrepm/C1/digit20_reg[0] cannot be properly analyzed as its control pin Unit_Exe/afisaj4cifrepm/C1/digit20_reg[0]/G is not reached by a timing clock
Related violations: <none>

TIMING-20#34 Warning
Non-clocked latch  
The latch Unit_Exe/afisaj4cifrepm/C1/digit20_reg[1] cannot be properly analyzed as its control pin Unit_Exe/afisaj4cifrepm/C1/digit20_reg[1]/G is not reached by a timing clock
Related violations: <none>

TIMING-20#35 Warning
Non-clocked latch  
The latch Unit_Exe/afisaj4cifrepm/C1/digit20_reg[2] cannot be properly analyzed as its control pin Unit_Exe/afisaj4cifrepm/C1/digit20_reg[2]/G is not reached by a timing clock
Related violations: <none>

TIMING-20#36 Warning
Non-clocked latch  
The latch Unit_Exe/afisaj4cifrepm/C1/numar_reg[0] cannot be properly analyzed as its control pin Unit_Exe/afisaj4cifrepm/C1/numar_reg[0]/G is not reached by a timing clock
Related violations: <none>

TIMING-20#37 Warning
Non-clocked latch  
The latch Unit_Exe/afisaj4cifrepm/C1/numar_reg[1] cannot be properly analyzed as its control pin Unit_Exe/afisaj4cifrepm/C1/numar_reg[1]/G is not reached by a timing clock
Related violations: <none>

TIMING-20#38 Warning
Non-clocked latch  
The latch Unit_Exe/afisaj4cifrepm/C1/numar_reg[2] cannot be properly analyzed as its control pin Unit_Exe/afisaj4cifrepm/C1/numar_reg[2]/G is not reached by a timing clock
Related violations: <none>

TIMING-20#39 Warning
Non-clocked latch  
The latch Unit_Exe/afisaj4cifrepm/C1/numar_reg[3] cannot be properly analyzed as its control pin Unit_Exe/afisaj4cifrepm/C1/numar_reg[3]/G is not reached by a timing clock
Related violations: <none>

TIMING-20#40 Warning
Non-clocked latch  
The latch Unit_Exe/afisaj4cifrepm/C1/numar_reg[4] cannot be properly analyzed as its control pin Unit_Exe/afisaj4cifrepm/C1/numar_reg[4]/G is not reached by a timing clock
Related violations: <none>

TIMING-20#41 Warning
Non-clocked latch  
The latch Unit_Exe/afisaj4cifrepm/C1/numar_reg[5] cannot be properly analyzed as its control pin Unit_Exe/afisaj4cifrepm/C1/numar_reg[5]/G is not reached by a timing clock
Related violations: <none>

TIMING-20#42 Warning
Non-clocked latch  
The latch Unit_Exe/afisaj4cifrepm/C1/numar_reg[6] cannot be properly analyzed as its control pin Unit_Exe/afisaj4cifrepm/C1/numar_reg[6]/G is not reached by a timing clock
Related violations: <none>

TIMING-20#43 Warning
Non-clocked latch  
The latch Unit_Exe/afisaj4cifrepm/C1/numar_reg[7] cannot be properly analyzed as its control pin Unit_Exe/afisaj4cifrepm/C1/numar_reg[7]/G is not reached by a timing clock
Related violations: <none>

TIMING-20#44 Warning
Non-clocked latch  
The latch Unit_Exe/afisaj4cifrepm/C1/numar_reg[8] cannot be properly analyzed as its control pin Unit_Exe/afisaj4cifrepm/C1/numar_reg[8]/G is not reached by a timing clock
Related violations: <none>

TIMING-20#45 Warning
Non-clocked latch  
The latch Unit_Exe/counter_timp_ramaspm/aux_reg[0]_LDC cannot be properly analyzed as its control pin Unit_Exe/counter_timp_ramaspm/aux_reg[0]_LDC/G is not reached by a timing clock
Related violations: <none>

TIMING-20#46 Warning
Non-clocked latch  
The latch Unit_Exe/counter_timp_ramaspm/aux_reg[1]_LDC cannot be properly analyzed as its control pin Unit_Exe/counter_timp_ramaspm/aux_reg[1]_LDC/G is not reached by a timing clock
Related violations: <none>

TIMING-20#47 Warning
Non-clocked latch  
The latch Unit_Exe/counter_timp_ramaspm/aux_reg[2]_LDC cannot be properly analyzed as its control pin Unit_Exe/counter_timp_ramaspm/aux_reg[2]_LDC/G is not reached by a timing clock
Related violations: <none>

TIMING-20#48 Warning
Non-clocked latch  
The latch Unit_Exe/counter_timp_ramaspm/aux_reg[3]_LDC cannot be properly analyzed as its control pin Unit_Exe/counter_timp_ramaspm/aux_reg[3]_LDC/G is not reached by a timing clock
Related violations: <none>

TIMING-20#49 Warning
Non-clocked latch  
The latch Unit_Exe/counter_timp_ramaspm/aux_reg[4]_LDC cannot be properly analyzed as its control pin Unit_Exe/counter_timp_ramaspm/aux_reg[4]_LDC/G is not reached by a timing clock
Related violations: <none>

TIMING-20#50 Warning
Non-clocked latch  
The latch Unit_Exe/counter_timp_ramaspm/aux_reg[5]_LDC cannot be properly analyzed as its control pin Unit_Exe/counter_timp_ramaspm/aux_reg[5]_LDC/G is not reached by a timing clock
Related violations: <none>

TIMING-20#51 Warning
Non-clocked latch  
The latch Unit_Exe/counter_timp_ramaspm/aux_reg[6]_LDC cannot be properly analyzed as its control pin Unit_Exe/counter_timp_ramaspm/aux_reg[6]_LDC/G is not reached by a timing clock
Related violations: <none>

TIMING-20#52 Warning
Non-clocked latch  
The latch Unit_Exe/counter_timp_ramaspm/aux_reg[7]_LDC cannot be properly analyzed as its control pin Unit_Exe/counter_timp_ramaspm/aux_reg[7]_LDC/G is not reached by a timing clock
Related violations: <none>

TIMING-20#53 Warning
Non-clocked latch  
The latch Unit_Exe/counter_timp_ramaspm/aux_reg[8]_LDC cannot be properly analyzed as its control pin Unit_Exe/counter_timp_ramaspm/aux_reg[8]_LDC/G is not reached by a timing clock
Related violations: <none>


